2026-01-05 10:44:23,314 - forex_signal_model - INFO - ============================================================
2026-01-05 10:44:23,314 - forex_signal_model - INFO - FOREX SIGNAL MODEL
2026-01-05 10:44:23,314 - forex_signal_model - INFO - ============================================================
2026-01-05 10:44:23,314 - forex_signal_model - INFO - Mode: all
2026-01-05 10:44:23,315 - forex_signal_model - INFO - Config: config/config.yaml
2026-01-05 10:44:23,315 - forex_signal_model - INFO - Log level: INFO
2026-01-05 10:44:23,315 - forex_signal_model - INFO - Timestamp: 2026-01-05T10:44:23.315236
2026-01-05 10:46:30,902 - forex_signal_model - INFO - ============================================================
2026-01-05 10:46:30,902 - forex_signal_model - INFO - FOREX SIGNAL MODEL
2026-01-05 10:46:30,902 - forex_signal_model - INFO - ============================================================
2026-01-05 10:46:30,903 - forex_signal_model - INFO - Mode: all
2026-01-05 10:46:30,903 - forex_signal_model - INFO - Config: config/config.yaml
2026-01-05 10:46:30,903 - forex_signal_model - INFO - Log level: INFO
2026-01-05 10:46:30,903 - forex_signal_model - INFO - Timestamp: 2026-01-05T10:46:30.903403
2026-01-05 10:55:28,637 - forex_signal_model - INFO - ============================================================
2026-01-05 10:55:28,638 - forex_signal_model - INFO - FOREX SIGNAL MODEL
2026-01-05 10:55:28,638 - forex_signal_model - INFO - ============================================================
2026-01-05 10:55:28,638 - forex_signal_model - INFO - Mode: all
2026-01-05 10:55:28,638 - forex_signal_model - INFO - Config: config/config.yaml
2026-01-05 10:55:28,638 - forex_signal_model - INFO - Log level: INFO
2026-01-05 10:55:28,638 - forex_signal_model - INFO - Timestamp: 2026-01-05T10:55:28.638685
